<?xml version="1.0" encoding="UTF-8"?>
<!-- Generated by org.testng.reporters.JUnitReportReporter -->
<testsuite skipped="0" hostname="DESKTOP-KCLG1PR" name="testcases.TestCase1" tests="1" failures="0" timestamp="2023-01-21T16:46:26 EST" time="38.910" errors="0">
  <testcase name="testCase1" time="38.910" classname="testcases.TestCase1"/>
  <system-out/>
</testsuite> <!-- testcases.TestCase1 -->
